Using pre-set license
Built from '2020.2/staging' branch; Version is '2020.2.7f1 (c53830e277f1) revision 12924976'; Using compiler version '192528614'; Build Type 'Release'
OS: 'Windows 10 Pro; OS build 19041.1052; Version 2004; 64bit' Language: 'es' Physical Memory: 6021 MB
BatchMode: 1, IsHumanControllingUs: 0, StartBugReporterOnCrash: 0, Is64bit: 1, IsPro: 0

 COMMAND LINE ARGUMENTS:
C:\Program Files\Unity\Hub\Editor\2020.2.7f1\Editor\Unity.exe
-adb2
-batchMode
-noUpm
-name
AssetImportWorker0
-projectPath
C:/Users/Agustin/Desktop/Cosas Mias/Image/Image Game Design 2021/Dise単o de Mecanicas/Last-Hope
-logFile
Logs/AssetImportWorker0.log
-srvPort
60074
Successfully changed project path to: C:/Users/Agustin/Desktop/Cosas Mias/Image/Image Game Design 2021/Dise単o de Mecanicas/Last-Hope
C:/Users/Agustin/Desktop/Cosas Mias/Image/Image Game Design 2021/Dise単o de Mecanicas/Last-Hope
Using Asset Import Pipeline V2.
Refreshing native plugins compatible for Editor in 95.29 ms, found 1 plugins.
Preloading 0 native plugins for Editor in 0.00 ms.
Initialize engine version: 2020.2.7f1 (c53830e277f1)
[Subsystems] Discovering subsystems at path C:/Program Files/Unity/Hub/Editor/2020.2.7f1/Editor/Data/Resources/UnitySubsystems
[Subsystems] Discovering subsystems at path C:/Users/Agustin/Desktop/Cosas Mias/Image/Image Game Design 2021/Dise単o de Mecanicas/Last-Hope/Assets
GfxDevice: creating device client; threaded=0
Direct3D:
    Version:  Direct3D 11.0 [level 11.1]
    Renderer: AMD Radeon(TM) Vega 8 Graphics (ID=0x15d8)
    Vendor:   
    VRAM:     3010 MB
    Driver:   27.20.1012.3004
Initialize mono
Mono path[0] = 'C:/Program Files/Unity/Hub/Editor/2020.2.7f1/Editor/Data/Managed'
Mono path[1] = 'C:/Program Files/Unity/Hub/Editor/2020.2.7f1/Editor/Data/MonoBleedingEdge/lib/mono/unityjit'
Mono config path = 'C:/Program Files/Unity/Hub/Editor/2020.2.7f1/Editor/Data/MonoBleedingEdge/etc'
Using monoOptions --debugger-agent=transport=dt_socket,embedding=1,server=y,suspend=n,address=127.0.0.1:56044
Begin MonoManager ReloadAssembly
Registering precompiled unity dll's ...
Register platform support module: C:/Program Files/Unity/Hub/Editor/2020.2.7f1/Editor/Data/PlaybackEngines/WindowsStandaloneSupport/UnityEditor.WindowsStandalone.Extensions.dll
Registered in 0.006152 seconds.
Native extension for WindowsStandalone target not found
Refreshing native plugins compatible for Editor in 96.38 ms, found 1 plugins.
Preloading 0 native plugins for Editor in 0.00 ms.
Invoked RoslynAnalysisRunner static constructor.
RoslynAnalysisRunner will not be running.
RoslynAnalysisRunner has terminated.
Mono: successfully reloaded assembly
- Completed reload, in  4.805 seconds
Platform modules already initialized, skipping
Registering precompiled user dll's ...
Registered in 0.002364 seconds.
Begin MonoManager ReloadAssembly
Native extension for WindowsStandalone target not found
Refreshing native plugins compatible for Editor in 163.31 ms, found 1 plugins.
Preloading 0 native plugins for Editor in 0.00 ms.
Invoked RoslynAnalysisRunner static constructor.
RoslynAnalysisRunner will not be running.
RoslynAnalysisRunner has terminated.
Mono: successfully reloaded assembly
- Completed reload, in  3.047 seconds
Platform modules already initialized, skipping
========================================================================
Worker process is ready to serve import requests
Launched and connected shader compiler UnityShaderCompiler.exe after 0.15 seconds
Refreshing native plugins compatible for Editor in 2.69 ms, found 1 plugins.
Preloading 0 native plugins for Editor in 0.00 ms.
Unloading 2271 Unused Serialized files (Serialized files now loaded: 0)
System memory in use before: 110.3 MB.
System memory in use after: 110.4 MB.

Unloading 24 unused Assets to reduce memory usage. Loaded Objects now: 2720.
Total: 7.621900 ms (FindLiveObjects: 1.104600 ms CreateObjectMapping: 0.456900 ms MarkObjects: 5.818300 ms  DeleteObjects: 0.238500 ms)

========================================================================
Received Import Request.
  path: Assets/2DGamekit/Last Hope Assets/Art/d7161c0d-d60e-40c7-84d6-d7bce7129a7d.prefab
  artifactKey: Guid(5fe872fb8e5d05c4c8ff1166ba9bea54) Importer(815301076,1909f56bfc062723c751e8b465ee728b)
Start importing Assets/2DGamekit/Last Hope Assets/Art/d7161c0d-d60e-40c7-84d6-d7bce7129a7d.prefab using Guid(5fe872fb8e5d05c4c8ff1166ba9bea54) Importer(815301076,1909f56bfc062723c751e8b465ee728b)  -> (artifact id: '9a68af5fadb0eb9998a7959f8920089b') in 0.293803 seconds
  Import took 0.306095 seconds .

========================================================================
Received Prepare
Refreshing native plugins compatible for Editor in 4.80 ms, found 1 plugins.
Preloading 0 native plugins for Editor in 0.00 ms.
Unloading 10 Unused Serialized files (Serialized files now loaded: 0)
System memory in use before: 65.0 MB.
System memory in use after: 65.1 MB.

Unloading 10 unused Assets to reduce memory usage. Loaded Objects now: 2727.
Total: 3.726200 ms (FindLiveObjects: 0.316000 ms CreateObjectMapping: 0.083200 ms MarkObjects: 3.153000 ms  DeleteObjects: 0.172300 ms)

AssetImportWorkerClient::OnTransportError - code=2 error=End of file
